nohup: ignoring input
/global/project/projectdirs/des/apinjic/repos/mustar-summer-project/simple_model/run_very_simple_model.py:2: DeprecationWarning: Importing display from IPython.core.display is deprecated since IPython 7.14, please import from IPython display
  from IPython.core.display import display, HTML
WARNING:root:Too few points to create valid contours
WARNING:root:Too few points to create valid contours
WARNING:root:Too few points to create valid contours
WARNING:root:Too few points to create valid contours
WARNING:root:Too few points to create valid contours
WARNING:root:Too few points to create valid contours
WARNING:root:Too few points to create valid contours
WARNING:root:Too few points to create valid contours
WARNING:root:Too few points to create valid contours
WARNING:root:Too few points to create valid contours
WARNING:root:Too few points to create valid contours
WARNING:root:Too few points to create valid contours
WARNING:root:Too few points to create valid contours
WARNING:root:Too few points to create valid contours
WARNING:root:Too few points to create valid contours
Exception ignored in: <function Pool.__del__ at 0x15542f8f0040>
Traceback (most recent call last):
  File "/global/homes/a/apinjic/.conda/envs/myenv/lib/python3.9/multiprocessing/pool.py", line 268, in __del__
  File "/global/homes/a/apinjic/.conda/envs/myenv/lib/python3.9/multiprocessing/queues.py", line 372, in put
AttributeError: 'NoneType' object has no attribute 'dumps'
